<?xml version="1.0" encoding="UTF-8"?>
<!-- Generated by org.testng.reporters.JUnitXMLReporter -->
<testsuite hostname="DESKTOP-V1BCJKD" ignored="0" name="TestNG" tests="4" failures="0" timestamp="2020-04-13T11:16:08 IST" time="155.546" errors="0">
  <testcase name="login" time="87.701" classname="com.Demoblaze.Testrunner.TestRunner"/>
  <testcase name="login" time="24.143" classname="com.Demoblaze.Testrunner.TestRunner"/>
  <testcase name="login" time="26.517" classname="com.Demoblaze.Testrunner.TestRunner"/>
  <testcase name="login" time="15.673" classname="com.Demoblaze.Testrunner.TestRunner"/>
</testsuite> <!-- TestNG -->
