<?xml version="1.0" encoding="UTF-8"?>
<testng-results skipped="0" failed="0" ignored="0" total="4" passed="4">
  <reporter-output>
  </reporter-output>
  <suite name="Demoblaze_Suite" duration-ms="187729" started-at="2020-04-13T14:44:35 IST" finished-at="2020-04-13T14:47:43 IST">
    <groups>
    </groups>
    <test name="Demoblaze_Test" duration-ms="187729" started-at="2020-04-13T14:44:35 IST" finished-at="2020-04-13T14:47:43 IST">
      <class name="com.Demoblaze.TestRunner.Login_TestRunner">
        <test-method status="PASS" signature="setUP()[pri:0, instance:com.Demoblaze.TestRunner.Login_TestRunner@36b4cef0]" name="setUP" is-config="true" duration-ms="36" started-at="2020-04-13T14:45:08 IST" finished-at="2020-04-13T14:45:08 IST">
          <reporter-output>
          </reporter-output>
        </test-method> <!-- setUP -->
        <test-method status="PASS" signature="login(cucumber.api.testng.CucumberFeatureWrapper)[pri:0, instance:com.Demoblaze.TestRunner.Login_TestRunner@36b4cef0]" name="login" duration-ms="23049" started-at="2020-04-13T14:45:08 IST" description="Test_Demoblaze" data-provider="features" finished-at="2020-04-13T14:45:31 IST">
          <params>
            <param index="0">
              <value>
                <![CDATA[Test Demoblaze Login Page]]>
              </value>
            </param>
          </params>
          <reporter-output>
          </reporter-output>
        </test-method> <!-- login -->
        <test-method status="PASS" signature="tearDown()[pri:0, instance:com.Demoblaze.TestRunner.Login_TestRunner@36b4cef0]" name="tearDown" is-config="true" duration-ms="16" started-at="2020-04-13T14:45:31 IST" finished-at="2020-04-13T14:45:31 IST">
          <reporter-output>
          </reporter-output>
        </test-method> <!-- tearDown -->
      </class> <!-- com.Demoblaze.TestRunner.Login_TestRunner -->
      <class name="com.Demoblaze.TestRunner.Contact_TestRunner">
        <test-method status="PASS" signature="setUP()[pri:0, instance:com.Demoblaze.TestRunner.Contact_TestRunner@1a1d6a08]" name="setUP" is-config="true" duration-ms="212" started-at="2020-04-13T14:47:23 IST" finished-at="2020-04-13T14:47:24 IST">
          <reporter-output>
          </reporter-output>
        </test-method> <!-- setUP -->
        <test-method status="PASS" signature="login(cucumber.api.testng.CucumberFeatureWrapper)[pri:0, instance:com.Demoblaze.TestRunner.Contact_TestRunner@1a1d6a08]" name="login" duration-ms="18901" started-at="2020-04-13T14:47:24 IST" description="Test_Demoblaze" data-provider="features" finished-at="2020-04-13T14:47:43 IST">
          <params>
            <param index="0">
              <value>
                <![CDATA[Test Demoblaze contact scenario]]>
              </value>
            </param>
          </params>
          <reporter-output>
          </reporter-output>
        </test-method> <!-- login -->
        <test-method status="PASS" signature="tearDown()[pri:0, instance:com.Demoblaze.TestRunner.Contact_TestRunner@1a1d6a08]" name="tearDown" is-config="true" duration-ms="21" started-at="2020-04-13T14:47:43 IST" finished-at="2020-04-13T14:47:43 IST">
          <reporter-output>
          </reporter-output>
        </test-method> <!-- tearDown -->
      </class> <!-- com.Demoblaze.TestRunner.Contact_TestRunner -->
      <class name="com.Demoblaze.TestRunner.PlacingOrder_TestRunner">
        <test-method status="PASS" signature="setUP()[pri:0, instance:com.Demoblaze.TestRunner.PlacingOrder_TestRunner@fad74ee]" name="setUP" is-config="true" duration-ms="49" started-at="2020-04-13T14:45:31 IST" finished-at="2020-04-13T14:45:31 IST">
          <reporter-output>
          </reporter-output>
        </test-method> <!-- setUP -->
        <test-method status="PASS" signature="login(cucumber.api.testng.CucumberFeatureWrapper)[pri:0, instance:com.Demoblaze.TestRunner.PlacingOrder_TestRunner@fad74ee]" name="login" duration-ms="112078" started-at="2020-04-13T14:45:31 IST" description="Test_Demoblaze" data-provider="features" finished-at="2020-04-13T14:47:23 IST">
          <params>
            <param index="0">
              <value>
                <![CDATA[Test Demoblaze product ordering]]>
              </value>
            </param>
          </params>
          <reporter-output>
          </reporter-output>
        </test-method> <!-- login -->
        <test-method status="PASS" signature="tearDown()[pri:0, instance:com.Demoblaze.TestRunner.PlacingOrder_TestRunner@fad74ee]" name="tearDown" is-config="true" duration-ms="19" started-at="2020-04-13T14:47:23 IST" finished-at="2020-04-13T14:47:23 IST">
          <reporter-output>
          </reporter-output>
        </test-method> <!-- tearDown -->
      </class> <!-- com.Demoblaze.TestRunner.PlacingOrder_TestRunner -->
      <class name="com.Demoblaze.TestRunner.Signup_TestRunner">
        <test-method status="PASS" signature="setUP()[pri:0, instance:com.Demoblaze.TestRunner.Signup_TestRunner@3d921e20]" name="setUP" is-config="true" duration-ms="869" started-at="2020-04-13T14:44:35 IST" finished-at="2020-04-13T14:44:36 IST">
          <reporter-output>
          </reporter-output>
        </test-method> <!-- setUP -->
        <test-method status="PASS" signature="login(cucumber.api.testng.CucumberFeatureWrapper)[pri:0, instance:com.Demoblaze.TestRunner.Signup_TestRunner@3d921e20]" name="login" duration-ms="31797" started-at="2020-04-13T14:44:36 IST" description="Test_Demoblaze" data-provider="features" finished-at="2020-04-13T14:45:08 IST">
          <params>
            <param index="0">
              <value>
                <![CDATA[Test Demoblaze SignUp]]>
              </value>
            </param>
          </params>
          <reporter-output>
          </reporter-output>
        </test-method> <!-- login -->
        <test-method status="PASS" signature="tearDown()[pri:0, instance:com.Demoblaze.TestRunner.Signup_TestRunner@3d921e20]" name="tearDown" is-config="true" duration-ms="229" started-at="2020-04-13T14:45:08 IST" finished-at="2020-04-13T14:45:08 IST">
          <reporter-output>
          </reporter-output>
        </test-method> <!-- tearDown -->
      </class> <!-- com.Demoblaze.TestRunner.Signup_TestRunner -->
    </test> <!-- Demoblaze_Test -->
  </suite> <!-- Demoblaze_Suite -->
</testng-results>
