<?xml version="1.0" encoding="UTF-8"?>
<!-- Generated by org.testng.reporters.JUnitXMLReporter -->
<testsuite hostname="DESKTOP-V1BCJKD" ignored="0" name="Demoblaze_Test" tests="4" failures="0" timestamp="2020-04-13T14:47:43 IST" time="187.729" errors="0">
  <testcase name="login" time="31.797" classname="com.Demoblaze.TestRunner.Signup_TestRunner"/>
  <testcase name="login" time="23.049" classname="com.Demoblaze.TestRunner.Login_TestRunner"/>
  <testcase name="login" time="112.078" classname="com.Demoblaze.TestRunner.PlacingOrder_TestRunner"/>
  <testcase name="login" time="18.901" classname="com.Demoblaze.TestRunner.Contact_TestRunner"/>
</testsuite> <!-- Demoblaze_Test -->
